<?xml version="1.0" encoding="UTF-8"?>
<testng-results ignored="0" total="1" passed="1" failed="0" skipped="0">
  <reporter-output>
  </reporter-output>
  <suite started-at="2022-03-01T00:38:39 BDT" name="Default suite" finished-at="2022-03-01T00:38:52 BDT" duration-ms="12890">
    <groups>
    </groups>
    <test started-at="2022-03-01T00:38:39 BDT" name="Default test" finished-at="2022-03-01T00:38:52 BDT" duration-ms="12890">
      <class name="TestCasePackage.TC001_locatorLearning">
        <test-method is-config="true" signature="setup()[pri:0, instance:TestCasePackage.TC001_locatorLearning@273e7444]" started-at="2022-03-01T00:38:32 BDT" name="setup" finished-at="2022-03-01T00:38:39 BDT" duration-ms="7428" status="PASS">
          <reporter-output>
          </reporter-output>
        </test-method> <!-- setup -->
        <test-method signature="locatorLearning()[pri:0, instance:TestCasePackage.TC001_locatorLearning@273e7444]" started-at="2022-03-01T00:38:39 BDT" name="locatorLearning" finished-at="2022-03-01T00:38:52 BDT" duration-ms="12827" status="PASS">
          <reporter-output>
          </reporter-output>
        </test-method> <!-- locatorLearning -->
        <test-method is-config="true" signature="Down()[pri:0, instance:TestCasePackage.TC001_locatorLearning@273e7444]" started-at="2022-03-01T00:38:52 BDT" name="Down" finished-at="2022-03-01T00:38:53 BDT" duration-ms="471" status="PASS">
          <reporter-output>
          </reporter-output>
        </test-method> <!-- Down -->
      </class> <!-- TestCasePackage.TC001_locatorLearning -->
    </test> <!-- Default test -->
  </suite> <!-- Default suite -->
</testng-results>
