<?xml version="1.0" encoding="UTF-8"?>
<testng-results ignored="0" total="1" passed="1" failed="0" skipped="0">
  <reporter-output>
  </reporter-output>
  <suite started-at="2022-03-01T00:39:18 BDT" name="Default suite" finished-at="2022-03-01T00:39:30 BDT" duration-ms="12174">
    <groups>
    </groups>
    <test started-at="2022-03-01T00:39:18 BDT" name="Default test" finished-at="2022-03-01T00:39:30 BDT" duration-ms="12174">
      <class name="TestCasePackage.TC001_locatorLearning">
        <test-method is-config="true" signature="setup()[pri:0, instance:TestCasePackage.TC001_locatorLearning@273e7444]" started-at="2022-03-01T00:39:15 BDT" name="setup" finished-at="2022-03-01T00:39:18 BDT" duration-ms="3574" status="PASS">
          <reporter-output>
          </reporter-output>
        </test-method> <!-- setup -->
        <test-method signature="locatorLearning()[pri:0, instance:TestCasePackage.TC001_locatorLearning@273e7444]" started-at="2022-03-01T00:39:18 BDT" name="locatorLearning" finished-at="2022-03-01T00:39:30 BDT" duration-ms="12102" status="PASS">
          <reporter-output>
          </reporter-output>
        </test-method> <!-- locatorLearning -->
        <test-method is-config="true" signature="Down()[pri:0, instance:TestCasePackage.TC001_locatorLearning@273e7444]" started-at="2022-03-01T00:39:31 BDT" name="Down" finished-at="2022-03-01T00:39:31 BDT" duration-ms="507" status="PASS">
          <reporter-output>
          </reporter-output>
        </test-method> <!-- Down -->
      </class> <!-- TestCasePackage.TC001_locatorLearning -->
    </test> <!-- Default test -->
  </suite> <!-- Default suite -->
</testng-results>
